
====== FE setup: =======
  configHolderVersion:    0.1.0
  ffmpeg/ffPath:      "C:\Users\adria\OneDrive\Desktop\NEWTON_EmotionVersionAlpha\FFmpeg"
  ffmpeg/FS:          32000
  ffmpeg/tdtaChunk:   800
  ffmpeg/bigChunk:    32768
  F0/minF0:           75.0
  F0/maxF0:           400.0
  F0/timeStep:        0.01
  FeatExt/filter:     [-0.000995974052, -0.000558003312, 0.000176216063, 0.000889996854, 0.00109621303, 0.000357481068, -0.00130988953, -0.00314342139, -0.00383375365, -0.00232422772, 0.00119152284, 0.00484232741, 0.005829532, 0.00222416505, -0.00521180568, -0.0125811333, -0.014596713, -0.00794847792, 0.00563647292, 0.0189121757, 0.0223166564, 0.00975332949, -0.0161376953, -0.0426981122, -0.0516900683, -0.028043738, 0.0312913629, 0.11329508, 0.192468831, 0.24102801, 0.24102801, 0.192468831, 0.11329508, 0.0312913629, -0.028043738, -0.0516900683, -0.0426981122, -0.0161376953, 0.00975332949, 0.0223166564, 0.0189121757, 0.00563647292, -0.00794847792, -0.014596713, -0.0125811333, -0.00521180568, 0.00222416505, 0.005829532, 0.00484232741, 0.00119152284, -0.00232422772, -0.00383375365, -0.00314342139, -0.00130988953, 0.000357481068, 0.00109621303, 0.000889996854, 0.000176216063, -0.000558003312, -0.000995974052]
  Intens/minPitch:    80.0
  Intens/mSilDur:     0.3
  Intens/mVoicDur:    0.1
  Intens/minDip:      2.0
  Intens/SilVoice:    25.0
  Formant/timeStep:   0.00625
  Formant/maxNofFmts: 6.0
  Formant/maxFmtFreq: 5500
  Formant/winLength:  0.025
  Formant/preemFreq:  50.0
  Formant/freqMargin: 50.0
  IPU/frameSize:      5600
  IPU/frameShift:     2800
  IPU/filter:         [0.1, 0.2, 0.4, 0.2, 0.1]
========================
ConfigHolder ready: True
ff-tools set:    ffmpeg: C:\Users\adria\OneDrive\Desktop\NEWTON_EmotionVersionAlpha\FFmpeg\ffmpeg.exe    ffprobe: C:\Users\adria\OneDrive\Desktop\NEWTON_EmotionVersionAlpha\FFmpeg\ffprobe.exe    ffmpeg available: True
GetMonoInTimeSpan: begin 0.0 must be smaller than end 0.0
Traceback (most recent call last):
  File "c:\Users\adria\OneDrive\Desktop\NEWTON_EmotionVersionAlpha\FeatureExtractor.py", line 224, in ProcessSingleFile
    rawMono = GetAudio(fIn, MyConfigHolder, logger)
  File "c:\Users\adria\OneDrive\Desktop\NEWTON_EmotionVersionAlpha\sharedComponents\Utils.py", line 30, in GetAudio
    rawMono = RawMonoProvider.GetWholeRecording(audioIn)
  File "c:\Users\adria\OneDrive\Desktop\NEWTON_EmotionVersionAlpha\sharedComponents\RawAudioMonoProvider.py", line 34, in GetWholeRecording
    return self.GetMonoInTimeSpan(media, 0.0, float(duration)/float(self.FS))
  File "c:\Users\adria\OneDrive\Desktop\NEWTON_EmotionVersionAlpha\sharedComponents\RawAudioMonoProvider.py", line 44, in GetMonoInTimeSpan
    raise Exception(err)
Exception: GetMonoInTimeSpan: begin 0.0 must be smaller than end 0.0

